
  .   ____          _            __ _ _
 /\\ / ___'_ __ _ _(_)_ __  __ _ \ \ \ \
( ( )\___ | '_ | '_| | '_ \/ _` | \ \ \ \
 \\/  ___)| |_)| | | | | || (_| |  ) ) ) )
  '  |____| .__|_| |_|_| |_\__, | / / / /
 =========|_|==============|___/=/_/_/_/
 :: Spring Boot ::                (v2.5.4)

2026-04-08 23:35:43.362  INFO 122461 --- [           main] c.m.MovieCatalogServiceApplication       : Starting MovieCatalogServiceApplication v0.0.1-SNAPSHOT using Java 21.0.10 on asmaa-Lenovo-Legion-5-15IMH05H with PID 122461 (/home/asmaa/Downloads/spring-boot-microservices/movie-catalog-service/target/movie-catalog-service-0.0.1-SNAPSHOT.jar started by asmaa in /home/asmaa/Downloads/spring-boot-microservices/movie-catalog-service)
2026-04-08 23:35:43.363  INFO 122461 --- [           main] c.m.MovieCatalogServiceApplication       : No active profile set, falling back to default profiles: default
2026-04-08 23:35:43.828  WARN 122461 --- [           main] o.s.boot.actuate.endpoint.EndpointId     : Endpoint ID 'hystrix.stream' contains invalid characters, please migrate to a valid format.
2026-04-08 23:35:44.392  INFO 122461 --- [           main] o.s.cloud.context.scope.GenericScope     : BeanFactory id=33c74666-1f52-37f1-b8a7-5945872eebee
2026-04-08 23:35:44.807  INFO 122461 --- [           main] o.s.b.w.embedded.tomcat.TomcatWebServer  : Tomcat initialized with port(s): 8081 (http)
2026-04-08 23:35:44.814  INFO 122461 --- [           main] o.apache.catalina.core.StandardService   : Starting service [Tomcat]
2026-04-08 23:35:44.814  INFO 122461 --- [           main] org.apache.catalina.core.StandardEngine  : Starting Servlet engine: [Apache Tomcat/9.0.52]
2026-04-08 23:35:44.868  INFO 122461 --- [           main] o.a.c.c.C.[Tomcat].[localhost].[/]       : Initializing Spring embedded WebApplicationContext
2026-04-08 23:35:44.868  INFO 122461 --- [           main] w.s.c.ServletWebServerApplicationContext : Root WebApplicationContext: initialization completed in 1447 ms
2026-04-08 23:35:44.968  WARN 122461 --- [           main] c.n.c.sources.URLConfigurationSource     : No URLs will be polled as dynamic configuration sources.
2026-04-08 23:35:44.968  INFO 122461 --- [           main] c.n.c.sources.URLConfigurationSource     : To enable URLs as dynamic configuration sources, define System property archaius.configurationSource.additionalUrls or make config.properties available on classpath.
2026-04-08 23:35:44.988  INFO 122461 --- [           main] c.netflix.config.DynamicPropertyFactory  : DynamicPropertyFactory is initialized with configuration sources: com.netflix.config.ConcurrentCompositeConfiguration@26b894bd
2026-04-08 23:35:45.099  INFO 122461 --- [           main] o.s.b.a.e.web.ServletEndpointRegistrar   : Registered '/actuator/hystrix.stream' to hystrix.stream-actuator-endpoint
2026-04-08 23:35:45.414  INFO 122461 --- [           main] n.d.b.g.c.a.GrpcClientAutoConfiguration  : Detected grpc-netty-shaded: Creating ShadedNettyChannelFactory + InProcessChannelFactory
2026-04-08 23:35:45.699  WARN 122461 --- [           main] c.n.c.sources.URLConfigurationSource     : No URLs will be polled as dynamic configuration sources.
2026-04-08 23:35:45.699  INFO 122461 --- [           main] c.n.c.sources.URLConfigurationSource     : To enable URLs as dynamic configuration sources, define System property archaius.configurationSource.additionalUrls or make config.properties available on classpath.
2026-04-08 23:35:46.008  INFO 122461 --- [           main] DiscoveryClientOptionalArgsConfiguration : Eureka HTTP Client uses RestTemplate.
2026-04-08 23:35:46.158  WARN 122461 --- [           main] iguration$LoadBalancerCaffeineWarnLogger : Spring Cloud LoadBalancer is currently working with the default cache. You can switch to using Caffeine cache, by adding it and org.springframework.cache.caffeine.CaffeineCacheManager to the classpath.
2026-04-08 23:35:46.172  INFO 122461 --- [           main] o.s.b.a.e.web.EndpointLinksResolver      : Exposing 1 endpoint(s) beneath base path '/actuator'
2026-04-08 23:35:46.213  INFO 122461 --- [           main] o.s.b.w.embedded.tomcat.TomcatWebServer  : Tomcat started on port(s): 8081 (http) with context path ''
2026-04-08 23:35:46.271  INFO 122461 --- [           main] c.m.MovieCatalogServiceApplication       : Started MovieCatalogServiceApplication in 3.301 seconds (JVM running for 3.642)
2026-04-08 23:35:56.465  INFO 122461 --- [nio-8081-exec-1] o.a.c.c.C.[Tomcat].[localhost].[/]       : Initializing Spring DispatcherServlet 'dispatcherServlet'
2026-04-08 23:35:56.465  INFO 122461 --- [nio-8081-exec-1] o.s.web.servlet.DispatcherServlet        : Initializing Servlet 'dispatcherServlet'
2026-04-08 23:35:56.467  INFO 122461 --- [nio-8081-exec-1] o.s.web.servlet.DispatcherServlet        : Completed initialization in 1 ms
